<?xml version="1.0" encoding="UTF-8"?>
<!-- Generated by org.testng.reporters.JUnitReportReporter -->
<testsuite hostname="quyentx-w7" name="com.vsii.tsc.TSCSelenium06.tranglt.Test.Login" tests="5" failures="0" timestamp="15 Mar 2016 02:54:04 GMT" time="26.495" errors="0">
  <testcase name="LoginFail" time="4.136" classname="com.vsii.tsc.TSCSelenium06.tranglt.Test.Login"/>
  <testcase name="LoginFail" time="4.959" classname="com.vsii.tsc.TSCSelenium06.tranglt.Test.Login"/>
  <testcase name="LoginFail" time="4.016" classname="com.vsii.tsc.TSCSelenium06.tranglt.Test.Login"/>
  <testcase name="LoginSuccess" time="7.620" classname="com.vsii.tsc.TSCSelenium06.tranglt.Test.Login"/>
  <testcase name="LoginFail" time="5.764" classname="com.vsii.tsc.TSCSelenium06.tranglt.Test.Login"/>
</testsuite> <!-- com.vsii.tsc.TSCSelenium06.tranglt.Test.Login -->
