<?xml version="1.0" encoding="UTF-8"?>
<!-- Generated by org.testng.reporters.JUnitReportReporter -->
<testsuite hostname="quyentx-w7" name="com.vsii.tsc.TSCSelenium06.quyentx.tests.CheckRegister" tests="1" failures="0" timestamp="10 Mar 2016 07:33:28 GMT" time="0.000" errors="1">
  <testcase name="registerInvalid" time="0.000" classname="com.vsii.tsc.TSCSelenium06.quyentx.tests.CheckRegister">
    <error type="java.lang.RuntimeException" message="java.lang.IllegalStateException: Cannot get a text value from a numeric cell">
      <![CDATA[java.lang.RuntimeException: java.lang.IllegalStateException: Cannot get a text value from a numeric cell
	at org.testng.internal.MethodInvocationHelper.invokeDataProvider(MethodInvocationHelper.java:162)
	at org.testng.internal.Parameters.handleParameters(Parameters.java:430)
	at org.testng.internal.Invoker.handleParameters(Invoker.java:1270)
	at org.testng.internal.Invoker.createParameters(Invoker.java:985)
	at org.testng.internal.Invoker.invokeTestMethods(Invoker.java:1075)
	at org.testng.internal.TestMethodWorker.invokeTestMethods(TestMethodWorker.java:125)
	at org.testng.internal.TestMethodWorker.run(TestMethodWorker.java:108)
	at org.testng.TestRunner.privateRun(TestRunner.java:774)
	at org.testng.TestRunner.run(TestRunner.java:624)
	at org.testng.SuiteRunner.runTest(SuiteRunner.java:359)
	at org.testng.SuiteRunner.runSequentially(SuiteRunner.java:354)
	at org.testng.SuiteRunner.privateRun(SuiteRunner.java:312)
	at org.testng.SuiteRunner.run(SuiteRunner.java:261)
	at org.testng.SuiteRunnerWorker.runSuite(SuiteRunnerWorker.java:52)
	at org.testng.SuiteRunnerWorker.run(SuiteRunnerWorker.java:86)
	at org.testng.TestNG.runSuitesSequentially(TestNG.java:1215)
	at org.testng.TestNG.runSuitesLocally(TestNG.java:1140)
	at org.testng.TestNG.run(TestNG.java:1048)
	at org.testng.remote.RemoteTestNG.run(RemoteTestNG.java:112)
	at org.testng.remote.RemoteTestNG.initAndRun(RemoteTestNG.java:205)
	at org.testng.remote.RemoteTestNG.main(RemoteTestNG.java:176)
Caused by: java.lang.IllegalStateException: Cannot get a text value from a numeric cell
	at org.apache.poi.hssf.usermodel.HSSFCell.typeMismatch(HSSFCell.java:644)
	at org.apache.poi.hssf.usermodel.HSSFCell.getRichStringCellValue(HSSFCell.java:721)
	at org.apache.poi.hssf.usermodel.HSSFCell.getStringCellValue(HSSFCell.java:704)
	at com.vsii.tsc.TSCSelenium06.quyentx.tests.ReadData.getExcelData(ReadData.java:32)
	at com.vsii.tsc.TSCSelenium06.quyentx.tests.CheckRegister.regData(CheckRegister.java:40)
	at sun.reflect.NativeMethodAccessorImpl.invoke0(Native Method)
	at sun.reflect.NativeMethodAccessorImpl.invoke(Unknown Source)
	at sun.reflect.DelegatingMethodAccessorImpl.invoke(Unknown Source)
	at java.lang.reflect.Method.invoke(Unknown Source)
	at org.testng.internal.MethodInvocationHelper.invokeMethod(MethodInvocationHelper.java:85)
	at org.testng.internal.MethodInvocationHelper.invokeDataProvider(MethodInvocationHelper.java:136)
	... 20 more
]]>
    </error>
  </testcase> <!-- registerInvalid -->
</testsuite> <!-- com.vsii.tsc.TSCSelenium06.quyentx.tests.CheckRegister -->
