<?xml version="1.0" encoding="UTF-8"?>
<!-- Generated by org.testng.reporters.JUnitReportReporter -->
<testsuite hostname="quyentx" name="com.vsii.tsc.TSCSelenium06.quyentx.tests.CheckLogin" tests="1" failures="0" timestamp="15 Mar 2016 10:48:51 GMT" time="6.384" errors="0">
  <testcase name="loginInvalid" time="6.384" classname="com.vsii.tsc.TSCSelenium06.quyentx.tests.CheckLogin"/>
</testsuite> <!-- com.vsii.tsc.TSCSelenium06.quyentx.tests.CheckLogin -->
