<?xml version="1.0" encoding="UTF-8"?>
<!-- Generated by org.testng.reporters.JUnitReportReporter -->
<testsuite hostname="quyentx-w7" name="com.vsii.tsc.TSCSelenium06.DiuTTM.Test_Newletters" tests="1" failures="0" timestamp="10 Mar 2016 04:13:30 GMT" time="0.830" errors="0">
  <testcase name="sendLetterSucc" time="0.830" classname="com.vsii.tsc.TSCSelenium06.DiuTTM.Test_Newletters"/>
</testsuite> <!-- com.vsii.tsc.TSCSelenium06.DiuTTM.Test_Newletters -->
